{"level":"INFO","time":"2025-03-28T14:17:06.525-0300","caller":"reflect/value.go:584","msg":"Starting OAuth authentication with Discordurlhttp://localhost:1337/api/connect/discord","module":"DISC"}
{"level":"INFO","time":"2025-03-28T14:17:06.816-0300","calle{"level":"INFO","time":"2025-03-28T14:17:44.916-0300","caller":"windows/frontend.go:439","msg":"WAILS BEFORE CLOSE","module":"WLS"}
{"level":"INFO","time":"2025-03-28T14:17:44.955-0300","caller":"app/app_dev.go:36","msg":"WAILS SHUTDOWN","module":"WLS"}
evel":"INFO","time":"2025-03-28T14:17:11.541-0300","caller":"discord/discord.go:107","msg":"Authenticating with Strapibackend_urlhttp://localhost:1337","module":"DISC"}
{"level":"INFO","time":"2025-03-28T14:17:15.635-0300","caller":"discord/discord.go:107","msg":"Strapi authentication successfuluser_id5","module":"DISC"}
{"level":"INFO","time":"2025-03-28T14:17:16.012-0300","caller":"discord/discord.go:249","msg":"Discord user information obtained successfullyuser_id736764720484188292usernamejacoba1232131","module":"DISC"}
{"level":"INFO","time":"2025-03-28T14:17:16.539-0300","caller":"discord/discord.go:215","msg":"Avatar updated successfullyuser_id5avatar_id8","module":"DISC"}
{"level":"INFO","time":"2025-03-28T14:17:16.539-0300","caller":"discord/discord.go:107","msg":"Avatar processed successfullyuser_id5","module":"DISC"}
{"level":"INFO","time":"2025-03-28T14:17:16.621-0300","caller":"discord/discord.go:107","msg":"User data fetched successfully after avatar uploaduser_id5usernamejacoba1232131","module":"DISC"}
{"level":"INFO","time":"2025-03-28T14:17:16.622-0300","caller":"http/server.go:2294","msg":"Authentication successful","module":"DISC"}
{"level":"INFO","time":"2025-03-28T14:17:16.622-0300","caller":"reflect/value.go:584","msg":"Authentication completed successfully","module":"DISC"}
{"level":"INFO","time":"2025-03-28T14:17:22.017-0300","caller":"reflect/value.go:584","msg":"Starting OAuth authentication with Discordurlhttp://localhost:1337/api/connect/discord","module":"DISC"}
{"level":"INFO","time":"2025-03-28T14:17:22.078-0300","caller":"reflect/value.go:584","msg":"Starting HTTP server for OAuth callbackport45986","module":"DISC"}
{"level":"INFO","time":"2025-03-28T14:17:26.327-0300","caller":"http/server.go:2294","msg":"Authorization code receivedcode_length30","module":"DISC"}
{"level":"INFO","time":"2025-03-28T14:17:26.327-0300","caller":"discord/discord.go:107","msg":"Authenticating with Strapibackend_urlhttp://localhost:1337","module":"DISC"}
{"level":"INFO","time":"2025-03-28T14:17:26.703-0300","caller":"discord/discord.go:107","msg":"Strapi authentication successfuluser_id5","module":"DISC"}
{"level":"INFO","time":"2025-03-28T14:17:26.912-0300","caller":"discord/discord.go:249","msg":"Discord user information obtained successfullyuser_id736764720484188292usernamejacoba1232131","module":"DISC"}
{"level":"INFO","time":"2025-03-28T14:17:27.249-0300","caller":"discord/discord.go:215","msg":"Avatar updated successfullyuser_id5avatar_id9","module":"DISC"}
{"level":"INFO","time":"2025-03-28T14:17:27.249-0300","caller":"discord/discord.go:107","msg":"Avatar processed successfullyuser_id5","module":"DISC"}
{"level":"INFO","time":"2025-03-28T14:17:27.321-0300","caller":"discord/discord.go:107","msg":"User data fetched successfully after avatar uploaduser_id5usernamejacoba1232131","module":"DISC"}
{"level":"INFO","time":"2025-03-28T14:17:27.321-0300","caller":"http/server.go:2294","msg":"Authentication successful","module":"DISC"}
{"level":"INFO","time":"2025-03-28T14:17:27.321-0300","caller":"reflect/value.go:584","msg":"Authentication completed successfully","module":"DISC"}
{"level":"INFO","time":"2025-03-28T14:17:33.773-0300","caller":"reflect/value.go:584","msg":"Starting OAuth authentication with Discordurlhttp://localhost:1337/api/connect/discord","module":"DISC"}
{"level":"INFO","time":"2025-03-28T14:17:33.793-0300","caller":"reflect/value.go:584","msg":"Starting HTTP server for OAuth callbackport45986","module":"DISC"}
{"level":"INFO","time":"2025-03-28T14:17:37.817-0300","caller":"http/server.go:2294","msg":"Authorization code receivedcode_length30","module":"DISC"}
{"level":"INFO","time":"2025-03-28T14:17:37.817-0300","caller":"discord/discord.go:107","msg":"Authenticating with Strapibackend_urlhttp://localhost:1337","module":"DISC"}
{"level":"INFO","time":"2025-03-28T14:17:38.297-0300","caller":"discord/discord.go:107","msg":"Strapi authentication successfuluser_id5","module":"DISC"}
{"level":"INFO","time":"2025-03-28T14:17:38.494-0300","caller":"discord/discord.go:249","msg":"Discord user information obtained successfullyuser_id736764720484188292usernamejacoba1232131","module":"DISC"}
{"level":"INFO","time":"2025-03-28T14:17:38.839-0300","caller":"discord/discord.go:215","msg":"Avatar updated successfullyuser_id5avatar_id10","module":"DISC"}
{"level":"INFO","time":"2025-03-28T14:17:38.839-0300","caller":"discord/discord.go:107","msg":"Avatar processed successfullyuser_id5","module":"DISC"}
{"level":"INFO","time":"2025-03-28T14:17:38.907-0300","caller":"discord/discord.go:107","msg":"User data fetched successfully after avatar uploaduser_id5usernamejacoba1232131","module":"DISC"}
{"level":"INFO","time":"2025-03-28T14:17:38.909-0300","caller":"http/server.go:2294","msg":"Authentication successful","module":"DISC"}
{"level":"INFO","time":"2025-03-28T14:17:38.909-0300","caller":"reflect/value.go:584","msg":"Authentication completed successfully","module":"DISC"}
