{"level":"INFO","time":"2025-03-28T14:17:06.525-0300","caller":"reflect/value.go:584","msg":"Starting OAuth authentication with Discordurlhttp://localhost:1337/api/connect/discord","module":"DISC"}
{"level":"INFO","time":"2025-03-28T14:17:06.816-0300","calle{"level":"INFO","time":"2025-03-28T14:17:44.916-0300","caller":"windows/frontend.go:439","msg":"WAILS BEFORE CLOSE","module":"WLS"}
{"level":"INFO","time":"2025-03-28T14:17:44.955-0300","caller":"app/app_dev.go:36","msg":"WAILS SHUTDOWN","module":"WLS"}
evel":"INFO","time":"2025-03-28T14:17:11.541-0300","caller":"discord/discord.go:107","msg":"Authenticating with Strapibackend_urlhttp://localhost:1337","module":"DISC"}
{"level":"INFO","time":"2025-03-28T14:17:15.635-0300","caller":"discord/discord.go:107","msg":"Strapi authentication successfuluser_id5","module":"DISC"}
{"level":"DEBUG","time":"2025-03-28T14:17:15.635-0300","caller":"discord/discord.go:215","msg":"Starting Discord avatar upload processuser_id5","module":"DISC"}
{"level":"DEBUG","time":"2025-03-28T14:17:15.635-0300","caller":"discord/discord.go:249","msg":"Fetching Discord user information","module":"DISC"}
{"level":"INFO","time":"2025-03-28T14:17:16.012-0300","caller":"discord/discord.go:249","msg":"Discord user information obtained successfullyuser_id736764720484188292usernamejacoba1232131","module":"DISC"}
{"level":"DEBUG","time":"2025-03-28T14:17:16.012-0300","caller":"discord/discord.go:215","msg":"Avatar URLurlhttps://cdn.discordapp.com/avatars/736764720484188292/489e30d0a9f4291ee9d45d7593e870c0.png","module":"DISC"}
{"level":"DEBUG","time":"2025-03-28T14:17:16.012-0300","caller":"discord/discord.go:215","msg":"Downloading Discord avatar","module":"DISC"}
{"level":"DEBUG","time":"2025-03-28T14:17:16.141-0300","caller":"discord/discord.go:215","msg":"Avatar content typecontent_typeimage/pngextensionpng","module":"DISC"}
{"level":"DEBUG","time":"2025-03-28T14:17:16.141-0300","caller":"discord/discord.go:215","msg":"Sending image to Strapiendpoint/api/upload","module":"DISC"}
{"level":"DEBUG","time":"2025-03-28T14:17:16.448-0300","caller":"discord/discord.go:215","msg":"Avatar uploaded successfullyavatar_id8","module":"DISC"}
{"level":"DEBUG","time":"2025-03-28T14:17:16.448-0300","caller":"discord/discord.go:215","msg":"Updating user with new avatarurlhttp://localhost:1337/api/users/5","module":"DISC"}
{"level":"INFO","time":"2025-03-28T14:17:16.539-0300","caller":"discord/discord.go:215","msg":"Avatar updated successfullyuser_id5avatar_id8","module":"DISC"}
{"level":"INFO","time":"2025-03-28T14:17:16.539-0300","caller":"discord/discord.go:107","msg":"Avatar processed successfullyuser_id5","module":"DISC"}
{"level":"INFO","time":"2025-03-28T14:17:16.621-0300","caller":"discord/discord.go:107","msg":"User data fetched successfully after avatar uploaduser_id5usernamejacoba1232131","module":"DISC"}
{"level":"INFO","time":"2025-03-28T14:17:16.622-0300","caller":"http/server.go:2294","msg":"Authentication successful","module":"DISC"}
{"level":"INFO","time":"2025-03-28T14:17:16.622-0300","caller":"reflect/value.go:584","msg":"Authentication completed successfully","module":"DISC"}
{"level":"DEBUG","time":"2025-03-28T14:17:17.623-0300","caller":"runtime/asm_amd64.s:1700","msg":"Shutting down temporary HTTP server","module":"DISC"}
{"level":"INFO","time":"2025-03-28T14:17:22.017-0300","caller":"reflect/value.go:584","msg":"Starting OAuth authentication with Discordurlhttp://localhost:1337/api/connect/discord","module":"DISC"}
{"level":"INFO","time":"2025-03-28T14:17:22.078-0300","caller":"reflect/value.go:584","msg":"Starting HTTP server for OAuth callbackport45986","module":"DISC"}
{"level":"INFO","time":"2025-03-28T14:17:26.327-0300","caller":"http/server.go:2294","msg":"Authorization code receivedcode_length30","module":"DISC"}
{"level":"INFO","time":"2025-03-28T14:17:26.327-0300","caller":"discord/discord.go:107","msg":"Authenticating with Strapibackend_urlhttp://localhost:1337","module":"DISC"}
{"level":"INFO","time":"2025-03-28T14:17:26.703-0300","caller":"discord/discord.go:107","msg":"Strapi authentication successfuluser_id5","module":"DISC"}
{"level":"DEBUG","time":"2025-03-28T14:17:26.703-0300","caller":"discord/discord.go:215","msg":"Starting Discord avatar upload processuser_id5","module":"DISC"}
{"level":"DEBUG","time":"2025-03-28T14:17:26.703-0300","caller":"discord/discord.go:249","msg":"Fetching Discord user information","module":"DISC"}
{"level":"INFO","time":"2025-03-28T14:17:26.912-0300","caller":"discord/discord.go:249","msg":"Discord user information obtained successfullyuser_id736764720484188292usernamejacoba1232131","module":"DISC"}
{"level":"DEBUG","time":"2025-03-28T14:17:26.912-0300","caller":"discord/discord.go:215","msg":"Avatar URLurlhttps://cdn.discordapp.com/avatars/736764720484188292/489e30d0a9f4291ee9d45d7593e870c0.png","module":"DISC"}
{"level":"DEBUG","time":"2025-03-28T14:17:26.912-0300","caller":"discord/discord.go:215","msg":"Downloading Discord avatar","module":"DISC"}
{"level":"DEBUG","time":"2025-03-28T14:17:26.957-0300","caller":"discord/discord.go:215","msg":"Avatar content typecontent_typeimage/pngextensionpng","module":"DISC"}
{"level":"DEBUG","time":"2025-03-28T14:17:26.957-0300","caller":"discord/discord.go:215","msg":"Sending image to Strapiendpoint/api/upload","module":"DISC"}
{"level":"DEBUG","time":"2025-03-28T14:17:27.178-0300","caller":"discord/discord.go:215","msg":"Avatar uploaded successfullyavatar_id9","module":"DISC"}
{"level":"DEBUG","time":"2025-03-28T14:17:27.178-0300","caller":"discord/discord.go:215","msg":"Updating user with new avatarurlhttp://localhost:1337/api/users/5","module":"DISC"}
{"level":"INFO","time":"2025-03-28T14:17:27.249-0300","caller":"discord/discord.go:215","msg":"Avatar updated successfullyuser_id5avatar_id9","module":"DISC"}
{"level":"INFO","time":"2025-03-28T14:17:27.249-0300","caller":"discord/discord.go:107","msg":"Avatar processed successfullyuser_id5","module":"DISC"}
{"level":"INFO","time":"2025-03-28T14:17:27.321-0300","caller":"discord/discord.go:107","msg":"User data fetched successfully after avatar uploaduser_id5usernamejacoba1232131","module":"DISC"}
{"level":"INFO","time":"2025-03-28T14:17:27.321-0300","caller":"http/server.go:2294","msg":"Authentication successful","module":"DISC"}
{"level":"INFO","time":"2025-03-28T14:17:27.321-0300","caller":"reflect/value.go:584","msg":"Authentication completed successfully","module":"DISC"}
{"level":"DEBUG","time":"2025-03-28T14:17:28.322-0300","caller":"runtime/asm_amd64.s:1700","msg":"Shutting down temporary HTTP server","module":"DISC"}
{"level":"INFO","time":"2025-03-28T14:17:33.773-0300","caller":"reflect/value.go:584","msg":"Starting OAuth authentication with Discordurlhttp://localhost:1337/api/connect/discord","module":"DISC"}
{"level":"INFO","time":"2025-03-28T14:17:33.793-0300","caller":"reflect/value.go:584","msg":"Starting HTTP server for OAuth callbackport45986","module":"DISC"}
{"level":"INFO","time":"2025-03-28T14:17:37.817-0300","caller":"http/server.go:2294","msg":"Authorization code receivedcode_length30","module":"DISC"}
{"level":"INFO","time":"2025-03-28T14:17:37.817-0300","caller":"discord/discord.go:107","msg":"Authenticating with Strapibackend_urlhttp://localhost:1337","module":"DISC"}
{"level":"INFO","time":"2025-03-28T14:17:38.297-0300","caller":"discord/discord.go:107","msg":"Strapi authentication successfuluser_id5","module":"DISC"}
{"level":"DEBUG","time":"2025-03-28T14:17:38.297-0300","caller":"discord/discord.go:215","msg":"Starting Discord avatar upload processuser_id5","module":"DISC"}
{"level":"DEBUG","time":"2025-03-28T14:17:38.297-0300","caller":"discord/discord.go:249","msg":"Fetching Discord user information","module":"DISC"}
{"level":"INFO","time":"2025-03-28T14:17:38.494-0300","caller":"discord/discord.go:249","msg":"Discord user information obtained successfullyuser_id736764720484188292usernamejacoba1232131","module":"DISC"}
{"level":"DEBUG","time":"2025-03-28T14:17:38.494-0300","caller":"discord/discord.go:215","msg":"Avatar URLurlhttps://cdn.discordapp.com/avatars/736764720484188292/489e30d0a9f4291ee9d45d7593e870c0.png","module":"DISC"}
{"level":"DEBUG","time":"2025-03-28T14:17:38.494-0300","caller":"discord/discord.go:215","msg":"Downloading Discord avatar","module":"DISC"}
{"level":"DEBUG","time":"2025-03-28T14:17:38.547-0300","caller":"discord/discord.go:215","msg":"Avatar content typecontent_typeimage/pngextensionpng","module":"DISC"}
{"level":"DEBUG","time":"2025-03-28T14:17:38.547-0300","caller":"discord/discord.go:215","msg":"Sending image to Strapiendpoint/api/upload","module":"DISC"}
{"level":"DEBUG","time":"2025-03-28T14:17:38.775-0300","caller":"discord/discord.go:215","msg":"Avatar uploaded successfullyavatar_id10","module":"DISC"}
{"level":"DEBUG","time":"2025-03-28T14:17:38.775-0300","caller":"discord/discord.go:215","msg":"Updating user with new avatarurlhttp://localhost:1337/api/users/5","module":"DISC"}
{"level":"INFO","time":"2025-03-28T14:17:38.839-0300","caller":"discord/discord.go:215","msg":"Avatar updated successfullyuser_id5avatar_id10","module":"DISC"}
{"level":"INFO","time":"2025-03-28T14:17:38.839-0300","caller":"discord/discord.go:107","msg":"Avatar processed successfullyuser_id5","module":"DISC"}
{"level":"INFO","time":"2025-03-28T14:17:38.907-0300","caller":"discord/discord.go:107","msg":"User data fetched successfully after avatar uploaduser_id5usernamejacoba1232131","module":"DISC"}
{"level":"INFO","time":"2025-03-28T14:17:38.909-0300","caller":"http/server.go:2294","msg":"Authentication successful","module":"DISC"}
{"level":"INFO","time":"2025-03-28T14:17:38.909-0300","caller":"reflect/value.go:584","msg":"Authentication completed successfully","module":"DISC"}
{"level":"DEBUG","time":"2025-03-28T14:17:39.910-0300","caller":"runtime/asm_amd64.s:1700","msg":"Shutting down temporary HTTP server","module":"DISC"}
